


ARM Macro Assembler    Page 1 


    1 00000000         ;****************** HW2.s ***************
    2 00000000         ; Program written: Ayan Basu
    3 00000000         ; Edit myEID to specify your UT EID
    4 00000000         ; Date Created: 8/30/2017 
    5 00000000         ; Last Modified: 5/7/2021
    6 00000000         ; Extra practice, not an actual EE319K assignment
    7 00000000 400053FC 
                       GPIO_PORTB_DATA_R
                               EQU              0x400053FC
    8 00000000 40005400 
                       GPIO_PORTB_DIR_R
                               EQU              0x40005400
    9 00000000 4000551C 
                       GPIO_PORTB_DEN_R
                               EQU              0x4000551C
   10 00000000 400FE608 
                       SYSCTL_RCGCGPIO_R
                               EQU              0x400FE608
   11 00000000         
   12 00000000         ;-----RAM area----------------        
   13 00000000                 THUMB
   14 00000000                 AREA             DATA, ALIGN=2
   15 00000000         ;global variables go here, do not change this four defin
                       itions
   16 00000000 00 00   icount  SPACE            2           ;unsigned
   17 00000002 00      bcount  SPACE            1           ;signed
   18 00000003 00      keepOut SPACE            1           ;this location shou
                                                            ld not be modified
   19 00000004 00 00 00 
              00       N       SPACE            4
   20 00000008                 EXPORT           icount
   21 00000008                 EXPORT           bcount
   22 00000008                 EXPORT           keepOut
   23 00000008                 EXPORT           N
   24 00000008         
   25 00000008         ;-----ROM area----------------        
   26 00000008                 ALIGN
   27 00000008                 AREA             |.text|, CODE, READONLY, ALIGN=
2
   28 00000000                 EXPORT           myEID
   29 00000000 61 62 37 
              33 32 38 
              37 00    myEID   DCB              "ab73287",0 ; edit this with yo
                                                            ur EID
   30 00000008                 ALIGN
   31 00000008         
   32 00000008         ; enable clock for Port B and make PB6 output
   33 00000008         ; must be friendly, leave over clock bits as they are
   34 00000008         ; only use registers R0,R1,R2,R3,R12
   35 00000008         ; system will crash if you turn off Port A clock
   36 00000008                 EXPORT           InitPB6
   37 00000008         InitPB6
   38 00000008         ; put solution here
   39 00000008         ;//initialize clock
   40 00000008 4816            LDR              R0, =SYSCTL_RCGCGPIO_R
   41 0000000A 7801            LDRB             R1, [R0]
   42 0000000C F041 0102       ORR              R1, #0x02
   43 00000010 7001            STRB             R1, [R0]
   44 00000012         



ARM Macro Assembler    Page 2 


   45 00000012 BF00            NOP
   46 00000014 BF00            NOP
   47 00000016         
   48 00000016         ;//make output
   49 00000016 4814            LDR              R0, =GPIO_PORTB_DIR_R
   50 00000018 7801            LDRB             R1, [R0]
   51 0000001A F041 0140       ORR              R1, #0x040
   52 0000001E 7001            STRB             R1, [R0]
   53 00000020         
   54 00000020         ;// enable digital
   55 00000020 4812            LDR              R0, =GPIO_PORTB_DEN_R
   56 00000022 7801            LDRB             R1, [R0]
   57 00000024 F041 0140       ORR              R1, #0x040
   58 00000028 7001            STRB             R1, [R0]
   59 0000002A         
   60 0000002A 4770            BX               LR
   61 0000002C         
   62 0000002C         ; assuming PB6 is output, make PB6 high
   63 0000002C         ; must be friendly
   64 0000002C         ; only use registers R0,R1,R2,R3,R12
   65 0000002C                 EXPORT           SetPB6
   66 0000002C         SetPB6
   67 0000002C         ; put solution here
   68 0000002C 4810            LDR              R0, =GPIO_PORTB_DATA_R
   69 0000002E 7801            LDRB             R1, [R0]
   70 00000030 F041 0140       ORR              R1, #0x040
   71 00000034 7001            STRB             R1, [R0]
   72 00000036         
   73 00000036 4770            BX               LR
   74 00000038         
   75 00000038         ; increment 16-bit unsigned icount
   76 00000038         ; only use registers R0,R1,R2,R3,R12
   77 00000038                 EXPORT           Inc16
   78 00000038         Inc16
   79 00000038         ; put solution here
   80 00000038 480E            LDR              R0, =icount
   81 0000003A 8801            LDRH             R1, [R0]
   82 0000003C F101 0101       ADD              R1, R1, #0x01
   83 00000040 8001            STRH             R1, [R0]
   84 00000042         
   85 00000042 4770            BX               LR
   86 00000044         
   87 00000044         ; decrement 8-bit signed bcount
   88 00000044         ; only use registers R0,R1,R2,R3,R12
   89 00000044                 EXPORT           Dec8
   90 00000044         Dec8
   91 00000044         ; put solution here
   92 00000044 480C            LDR              R0, =bcount
   93 00000046 F990 1000       LDRSB            R1, [R0]
   94 0000004A F101 31FF       ADD              R1, R1, #-1
   95 0000004E 7001            STRB             R1, [R0]
   96 00000050         
   97 00000050 4770            BX               LR
   98 00000052         
   99 00000052         ; sets bit 4 and clears bit 28 of a 32-bit global variab
                       le named N
  100 00000052         ; be friendly
  101 00000052         ; only use registers R0,R1,R2,R3,R12
  102 00000052                 EXPORT           Set4Clear28



ARM Macro Assembler    Page 3 


  103 00000052         Set4Clear28
  104 00000052         ; put solution here
  105 00000052 480A            LDR              R0, =N
  106 00000054 6801            LDR              R1, [R0]
  107 00000056 F041 0110       ORR              R1, #0x010
  108 0000005A F021 5180       AND              R1, #0xEFFFFFFF
  109 0000005E 6001            STR              R1, [R0]
  110 00000060         
  111 00000060 4770            BX               LR
  112 00000062         
  113 00000062         
  114 00000062         
  115 00000062 00 00           ALIGN                        ; make sure the end
                                                             of this section is
                                                             aligned
  116 00000064                 END                          ; end of file
              400FE608 
              40005400 
              4000551C 
              400053FC 
              00000000 
              00000000 
              00000000 
Command Line: --debug --xref --diag_suppress=9931 --cpu=Cortex-M4 --apcs=interw
ork --depend=.\hw2.d -o.\hw2.o -I.\RTE\_HW2 -IC:\Users\titob\AppData\Local\Arm\
Packs\ARM\CMSIS\5.7.0\CMSIS\Core\Include -IC:\Users\titob\AppData\Local\Arm\Pac
ks\Keil\TM4C_DFP\1.1.0\Device\Include\TM4C123 --predefine="__UVISION_VERSION SE
TA 533" --predefine="_RTE_ SETA 1" --predefine="TM4C123GH6PM SETA 1" --predefin
e="_RTE_ SETA 1" --list=.\hw2.lst HW2.s



ARM Macro Assembler    Page 1 Alphabetic symbol ordering
Relocatable symbols

DATA 00000000

Symbol: DATA
   Definitions
      At line 14 in file HW2.s
   Uses
      None
Comment: DATA unused
N 00000004

Symbol: N
   Definitions
      At line 19 in file HW2.s
   Uses
      At line 23 in file HW2.s
      At line 105 in file HW2.s

bcount 00000002

Symbol: bcount
   Definitions
      At line 17 in file HW2.s
   Uses
      At line 21 in file HW2.s
      At line 92 in file HW2.s

icount 00000000

Symbol: icount
   Definitions
      At line 16 in file HW2.s
   Uses
      At line 20 in file HW2.s
      At line 80 in file HW2.s

keepOut 00000003

Symbol: keepOut
   Definitions
      At line 18 in file HW2.s
   Uses
      At line 22 in file HW2.s
Comment: keepOut used once
5 symbols



ARM Macro Assembler    Page 1 Alphabetic symbol ordering
Relocatable symbols

.text 00000000

Symbol: .text
   Definitions
      At line 27 in file HW2.s
   Uses
      None
Comment: .text unused
Dec8 00000044

Symbol: Dec8
   Definitions
      At line 90 in file HW2.s
   Uses
      At line 89 in file HW2.s
Comment: Dec8 used once
Inc16 00000038

Symbol: Inc16
   Definitions
      At line 78 in file HW2.s
   Uses
      At line 77 in file HW2.s
Comment: Inc16 used once
InitPB6 00000008

Symbol: InitPB6
   Definitions
      At line 37 in file HW2.s
   Uses
      At line 36 in file HW2.s
Comment: InitPB6 used once
Set4Clear28 00000052

Symbol: Set4Clear28
   Definitions
      At line 103 in file HW2.s
   Uses
      At line 102 in file HW2.s
Comment: Set4Clear28 used once
SetPB6 0000002C

Symbol: SetPB6
   Definitions
      At line 66 in file HW2.s
   Uses
      At line 65 in file HW2.s
Comment: SetPB6 used once
myEID 00000000

Symbol: myEID
   Definitions
      At line 29 in file HW2.s
   Uses
      At line 28 in file HW2.s
Comment: myEID used once
7 symbols



ARM Macro Assembler    Page 1 Alphabetic symbol ordering
Absolute symbols

GPIO_PORTB_DATA_R 400053FC

Symbol: GPIO_PORTB_DATA_R
   Definitions
      At line 7 in file HW2.s
   Uses
      At line 68 in file HW2.s
Comment: GPIO_PORTB_DATA_R used once
GPIO_PORTB_DEN_R 4000551C

Symbol: GPIO_PORTB_DEN_R
   Definitions
      At line 9 in file HW2.s
   Uses
      At line 55 in file HW2.s
Comment: GPIO_PORTB_DEN_R used once
GPIO_PORTB_DIR_R 40005400

Symbol: GPIO_PORTB_DIR_R
   Definitions
      At line 8 in file HW2.s
   Uses
      At line 49 in file HW2.s
Comment: GPIO_PORTB_DIR_R used once
SYSCTL_RCGCGPIO_R 400FE608

Symbol: SYSCTL_RCGCGPIO_R
   Definitions
      At line 10 in file HW2.s
   Uses
      At line 40 in file HW2.s
Comment: SYSCTL_RCGCGPIO_R used once
4 symbols
351 symbols in table
